<?xml version="1.0" encoding="UTF-8"?>
<!-- Generated by org.testng.reporters.JUnitReportReporter -->
<testsuite hostname="LAPTOP-RIP7FCT2" failures="0" tests="4" name="testNgPack.TestNg" time="24.771" errors="0" timestamp="2023-04-04T11:29:10 IST" skipped="0">
  <testcase classname="testNgPack.TestNg" name="VerifyCancleButtonOnForgotPasswordPage" time="5.385"/>
  <system-out/>
  <testcase classname="testNgPack.TestNg" name="VerifyMassageonForgotPasswordPage" time="2.506"/>
  <system-out/>
  <testcase classname="testNgPack.TestNg" name="VerifyCancleButtonOnForgotPasswordPage" time="7.760"/>
  <system-out/>
  <testcase classname="testNgPack.TestNg" name="VerifyMassageonForgotPasswordPage" time="9.120"/>
  <system-out/>
</testsuite> <!-- testNgPack.TestNg -->
